Using pre-set license
Built from '2020.3/staging' branch; Version is '2020.3.8f1 (507919d4fff5) revision 5273881'; Using compiler version '192528614'; Build Type 'Release'
OS: 'Windows 10 Pro; OS build 19043.1052; Version 2009; 64bit' Language: 'pt' Physical Memory: 16329 MB
BatchMode: 1, IsHumanControllingUs: 0, StartBugReporterOnCrash: 0, Is64bit: 1, IsPro: 0

 COMMAND LINE ARGUMENTS:
E:\2020.3.8f1\Editor\Unity.exe
-adb2
-batchMode
-noUpm
-name
AssetImportWorker0
-projectPath
C:/Users/Gamer/Desktop/Unity/Ducktective
-logFile
Logs/AssetImportWorker0.log
-srvPort
65350
Successfully changed project path to: C:/Users/Gamer/Desktop/Unity/Ducktective
C:/Users/Gamer/Desktop/Unity/Ducktective
Using Asset Import Pipeline V2.
Refreshing native plugins compatible for Editor in 25.98 ms, found 0 plugins.
Preloading 0 native plugins for Editor in 0.00 ms.
Initialize engine version: 2020.3.8f1 (507919d4fff5)
[Subsystems] Discovering subsystems at path E:/2020.3.8f1/Editor/Data/Resources/UnitySubsystems
[Subsystems] Discovering subsystems at path C:/Users/Gamer/Desktop/Unity/Ducktective/Assets
GfxDevice: creating device client; threaded=0
Direct3D:
    Version:  Direct3D 11.0 [level 11.1]
    Renderer: NVIDIA GeForce GTX 1060 6GB (ID=0x1c03)
    Vendor:   
    VRAM:     6052 MB
    Driver:   27.21.14.6192
Initialize mono
Mono path[0] = 'E:/2020.3.8f1/Editor/Data/Managed'
Mono path[1] = 'E:/2020.3.8f1/Editor/Data/MonoBleedingEdge/lib/mono/unityjit'
Mono config path = 'E:/2020.3.8f1/Editor/Data/MonoBleedingEdge/etc'
Using monoOptions --debugger-agent=transport=dt_socket,embedding=1,server=y,suspend=n,address=127.0.0.1:56900
Begin MonoManager ReloadAssembly
Registering precompiled unity dll's ...
Register platform support module: E:/2020.3.8f1/Editor/Data/PlaybackEngines/WindowsStandaloneSupport/UnityEditor.WindowsStandalone.Extensions.dll
Registered in 0.002364 seconds.
Native extension for WindowsStandalone target not found
Refreshing native plugins compatible for Editor in 70.53 ms, found 0 plugins.
Preloading 0 native plugins for Editor in 0.00 ms.
Mono: successfully reloaded assembly
- Completed reload, in  2.165 seconds
Platform modules already initialized, skipping
Registering precompiled user dll's ...
Registered in 0.002134 seconds.
Begin MonoManager ReloadAssembly
Native extension for WindowsStandalone target not found
Refreshing native plugins compatible for Editor in 0.22 ms, found 0 plugins.
Preloading 0 native plugins for Editor in 0.00 ms.
Mono: successfully reloaded assembly
- Completed reload, in  0.858 seconds
Platform modules already initialized, skipping
========================================================================
Worker process is ready to serve import requests
Launched and connected shader compiler UnityShaderCompiler.exe after 0.09 seconds
Refreshing native plugins compatible for Editor in 0.19 ms, found 0 plugins.
Preloading 0 native plugins for Editor in 0.00 ms.
Unloading 1274 Unused Serialized files (Serialized files now loaded: 0)
System memory in use before: 75.3 MB.
System memory in use after: 75.3 MB.

Unloading 11 unused Assets to reduce memory usage. Loaded Objects now: 1735.
Total: 1.393100 ms (FindLiveObjects: 0.112100 ms CreateObjectMapping: 0.034900 ms MarkObjects: 1.159300 ms  DeleteObjects: 0.086000 ms)

========================================================================
Received Import Request.
  path: Assets/Scenes/Fase 1.unity
  artifactKey: Guid(28f4fd23f274895449aa7ddfcb6cc39f) Importer(815301076,1909f56bfc062723c751e8b465ee728b)
Start importing Assets/Scenes/Fase 1.unity using Guid(28f4fd23f274895449aa7ddfcb6cc39f) Importer(815301076,1909f56bfc062723c751e8b465ee728b)  -> (artifact id: '50ecb27d2e8879daaaf4e03b15a3d965') in 0.013172 seconds
  Import took 0.025155 seconds .

========================================================================
Received Import Request.
  Time since last request: 97.584918 seconds.
  path: Assets/Scenes/Fase 3.unity
  artifactKey: Guid(0e7ba8494f508c840b920a35d8662ecf) Importer(815301076,1909f56bfc062723c751e8b465ee728b)
Start importing Assets/Scenes/Fase 3.unity using Guid(0e7ba8494f508c840b920a35d8662ecf) Importer(815301076,1909f56bfc062723c751e8b465ee728b)  -> (artifact id: '2db07473ba90b2f5443b27686b5523e7') in 0.006167 seconds
  Import took 0.030331 seconds .

========================================================================
Received Prepare
Registering precompiled user dll's ...
Registered in 0.001049 seconds.
Begin MonoManager ReloadAssembly
Native extension for WindowsStandalone target not found
Refreshing native plugins compatible for Editor in 0.30 ms, found 0 plugins.
Preloading 0 native plugins for Editor in 0.00 ms.
Mono: successfully reloaded assembly
- Completed reload, in  0.992 seconds
Platform modules already initialized, skipping
Refreshing native plugins compatible for Editor in 0.21 ms, found 0 plugins.
Preloading 0 native plugins for Editor in 0.00 ms.
Unloading 1267 Unused Serialized files (Serialized files now loaded: 0)
System memory in use before: 75.1 MB.
System memory in use after: 75.2 MB.

Unloading 6 unused Assets to reduce memory usage. Loaded Objects now: 1738.
Total: 1.467700 ms (FindLiveObjects: 0.119500 ms CreateObjectMapping: 0.033400 ms MarkObjects: 1.239700 ms  DeleteObjects: 0.074100 ms)

AssetImportWorkerClient::OnTransportError - code=2 error=End of file
